android/app/build/intermediates/manifest_merge_blame_file/debug/manifest-merger-blame-debug-report.txt
1<?xml version="1.0" encoding="utf-8"?>
2<manifest xmlns:android="http://schemas.android.com/apk/res/android"
3    package="com.awesomeproject"
4    android:versionCode="1"
5    android:versionName="1.0" >
6
7    <uses-sdk
8        android:minSdkVersion="21"
9        android:targetSdkVersion="30" />
10
11    <uses-permission android:name="android.permission.SYSTEM_ALERT_WINDOW" />
11-->src\debug\AndroidManifest.xml:5:5-77
11-->src\debug\AndroidManifest.xml:5:22-75
12    <uses-permission android:name="android.permission.INTERNET" />
12-->src\main\AndroidManifest.xml:4:5-67
12-->src\main\AndroidManifest.xml:4:22-64
13    <uses-permission android:name="android.permission.ACCESS_WIFI_STATE" />
13-->[com.facebook.flipper:flipper:0.99.0] AndroidManifest.xml:16:5-76
13-->[com.facebook.flipper:flipper:0.99.0] AndroidManifest.xml:16:22-73
14    <uses-permission android:name="android.permission.WAKE_LOCK" />
14-->[androidx.work:work-runtime:2.5.0] AndroidManifest.xml:25:5-68
14-->[androidx.work:work-runtime:2.5.0] AndroidManifest.xml:25:22-65
15    <uses-permission android:name="android.permission.ACCESS_NETWORK_STATE" />
15-->[androidx.work:work-runtime:2.5.0] AndroidManifest.xml:26:5-79
15-->[androidx.work:work-runtime:2.5.0] AndroidManifest.xml:26:22-76
16    <uses-permission android:name="android.permission.RECEIVE_BOOT_COMPLETED" />
16-->[androidx.work:work-runtime:2.5.0] AndroidManifest.xml:27:5-81
16-->[androidx.work:work-runtime:2.5.0] AndroidManifest.xml:27:22-78
17    <uses-permission android:name="android.permission.FOREGROUND_SERVICE" />
17-->[androidx.work:work-runtime:2.5.0] AndroidManifest.xml:28:5-77
17-->[androidx.work:work-runtime:2.5.0] AndroidManifest.xml:28:22-74
18
19    <uses-feature
19-->[com.google.android.gms:play-services-maps:18.0.2] AndroidManifest.xml:26:5-28:35
20        android:glEsVersion="0x00020000"
20-->[com.google.android.gms:play-services-maps:18.0.2] AndroidManifest.xml:27:9-41
21        android:required="true" />
21-->[com.google.android.gms:play-services-maps:18.0.2] AndroidManifest.xml:28:9-32
22
23    <queries>
23-->[com.google.android.gms:play-services-maps:18.0.2] AndroidManifest.xml:30:5-34:15
24
25        <!-- Needs to be explicitly declared on Android R+ -->
26        <package android:name="com.google.android.apps.maps" />
26-->[com.google.android.gms:play-services-maps:18.0.2] AndroidManifest.xml:33:9-64
26-->[com.google.android.gms:play-services-maps:18.0.2] AndroidManifest.xml:33:18-61
27    </queries>
28
29    <application
29-->src\main\AndroidManifest.xml:6:5-24:19
30        android:name="com.awesomeproject.MainApplication"
30-->src\main\AndroidManifest.xml:7:7-38
31        android:allowBackup="false"
31-->src\main\AndroidManifest.xml:11:7-34
32        android:appComponentFactory="androidx.core.app.CoreComponentFactory"
32-->[androidx.core:core:1.5.0] AndroidManifest.xml:24:18-86
33        android:debuggable="true"
34        android:icon="@mipmap/ic_launcher"
34-->src\main\AndroidManifest.xml:9:7-41
35        android:label="@string/app_name"
35-->src\main\AndroidManifest.xml:8:7-39
36        android:roundIcon="@mipmap/ic_launcher_round"
36-->src\main\AndroidManifest.xml:10:7-52
37        android:theme="@style/AppTheme"
37-->src\main\AndroidManifest.xml:12:7-38
38        android:usesCleartextTraffic="true" >
38-->src\debug\AndroidManifest.xml:8:9-44
39        <activity android:name="com.facebook.react.devsupport.DevSettingsActivity" />
39-->src\debug\AndroidManifest.xml:11:9-86
39-->src\debug\AndroidManifest.xml:11:19-83
40        <activity
40-->src\main\AndroidManifest.xml:13:7-23:18
41            android:name="com.awesomeproject.MainActivity"
41-->src\main\AndroidManifest.xml:14:9-37
42            android:configChanges="keyboard|keyboardHidden|orientation|screenSize|uiMode"
42-->src\main\AndroidManifest.xml:16:9-86
43            android:label="@string/app_name"
43-->src\main\AndroidManifest.xml:15:9-41
44            android:launchMode="singleTask"
44-->src\main\AndroidManifest.xml:17:9-40
45            android:windowSoftInputMode="adjustResize" >
45-->src\main\AndroidManifest.xml:18:9-51
46            <intent-filter>
46-->src\main\AndroidManifest.xml:19:9-22:25
47                <action android:name="android.intent.action.MAIN" />
47-->src\main\AndroidManifest.xml:20:13-65
47-->src\main\AndroidManifest.xml:20:21-62
48
49                <category android:name="android.intent.category.LAUNCHER" />
49-->src\main\AndroidManifest.xml:21:13-73
49-->src\main\AndroidManifest.xml:21:23-70
50            </intent-filter>
51        </activity>
52
53        <provider
53-->[androidx.work:work-runtime:2.5.0] AndroidManifest.xml:31:9-37:35
54            android:name="androidx.work.impl.WorkManagerInitializer"
54-->[androidx.work:work-runtime:2.5.0] AndroidManifest.xml:32:13-69
55            android:authorities="com.awesomeproject.workmanager-init"
55-->[androidx.work:work-runtime:2.5.0] AndroidManifest.xml:33:13-68
56            android:directBootAware="false"
56-->[androidx.work:work-runtime:2.5.0] AndroidManifest.xml:34:13-44
57            android:exported="false"
57-->[androidx.work:work-runtime:2.5.0] AndroidManifest.xml:35:13-37
58            android:multiprocess="true" />
58-->[androidx.work:work-runtime:2.5.0] AndroidManifest.xml:36:13-40
59
60        <service
60-->[androidx.work:work-runtime:2.5.0] AndroidManifest.xml:39:9-44:35
61            android:name="androidx.work.impl.background.systemalarm.SystemAlarmService"
61-->[androidx.work:work-runtime:2.5.0] AndroidManifest.xml:40:13-88
62            android:directBootAware="false"
62-->[androidx.work:work-runtime:2.5.0] AndroidManifest.xml:41:13-44
63            android:enabled="@bool/enable_system_alarm_service_default"
63-->[androidx.work:work-runtime:2.5.0] AndroidManifest.xml:42:13-72
64            android:exported="false" />
64-->[androidx.work:work-runtime:2.5.0] AndroidManifest.xml:43:13-37
65        <service
65-->[androidx.work:work-runtime:2.5.0] AndroidManifest.xml:45:9-51:35
66            android:name="androidx.work.impl.background.systemjob.SystemJobService"
66-->[androidx.work:work-runtime:2.5.0] AndroidManifest.xml:46:13-84
67            android:directBootAware="false"
67-->[androidx.work:work-runtime:2.5.0] AndroidManifest.xml:47:13-44
68            android:enabled="@bool/enable_system_job_service_default"
68-->[androidx.work:work-runtime:2.5.0] AndroidManifest.xml:48:13-70
69            android:exported="true"
69-->[androidx.work:work-runtime:2.5.0] AndroidManifest.xml:49:13-36
70            android:permission="android.permission.BIND_JOB_SERVICE" />
70-->[androidx.work:work-runtime:2.5.0] AndroidManifest.xml:50:13-69
71        <service
71-->[androidx.work:work-runtime:2.5.0] AndroidManifest.xml:52:9-57:35
72            android:name="androidx.work.impl.foreground.SystemForegroundService"
72-->[androidx.work:work-runtime:2.5.0] AndroidManifest.xml:53:13-81
73            android:directBootAware="false"
73-->[androidx.work:work-runtime:2.5.0] AndroidManifest.xml:54:13-44
74            android:enabled="@bool/enable_system_foreground_service_default"
74-->[androidx.work:work-runtime:2.5.0] AndroidManifest.xml:55:13-77
75            android:exported="false" />
75-->[androidx.work:work-runtime:2.5.0] AndroidManifest.xml:56:13-37
76
77        <receiver
77-->[androidx.work:work-runtime:2.5.0] AndroidManifest.xml:59:9-64:35
78            android:name="androidx.work.impl.utils.ForceStopRunnable$BroadcastReceiver"
78-->[androidx.work:work-runtime:2.5.0] AndroidManifest.xml:60:13-88
79            android:directBootAware="false"
79-->[androidx.work:work-runtime:2.5.0] AndroidManifest.xml:61:13-44
80            android:enabled="true"
80-->[androidx.work:work-runtime:2.5.0] AndroidManifest.xml:62:13-35
81            android:exported="false" />
81-->[androidx.work:work-runtime:2.5.0] AndroidManifest.xml:63:13-37
82        <receiver
82-->[androidx.work:work-runtime:2.5.0] AndroidManifest.xml:65:9-75:20
83            android:name="androidx.work.impl.background.systemalarm.ConstraintProxy$BatteryChargingProxy"
83-->[androidx.work:work-runtime:2.5.0] AndroidManifest.xml:66:13-106
84            android:directBootAware="false"
84-->[androidx.work:work-runtime:2.5.0] AndroidManifest.xml:67:13-44
85            android:enabled="false"
85-->[androidx.work:work-runtime:2.5.0] AndroidManifest.xml:68:13-36
86            android:exported="false" >
86-->[androidx.work:work-runtime:2.5.0] AndroidManifest.xml:69:13-37
87            <intent-filter>
87-->[androidx.work:work-runtime:2.5.0] AndroidManifest.xml:71:13-74:29
88                <action android:name="android.intent.action.ACTION_POWER_CONNECTED" />
88-->[androidx.work:work-runtime:2.5.0] AndroidManifest.xml:72:17-87
88-->[androidx.work:work-runtime:2.5.0] AndroidManifest.xml:72:25-84
89                <action android:name="android.intent.action.ACTION_POWER_DISCONNECTED" />
89-->[androidx.work:work-runtime:2.5.0] AndroidManifest.xml:73:17-90
89-->[androidx.work:work-runtime:2.5.0] AndroidManifest.xml:73:25-87
90            </intent-filter>
91        </receiver>
92        <receiver
92-->[androidx.work:work-runtime:2.5.0] AndroidManifest.xml:76:9-86:20
93            android:name="androidx.work.impl.background.systemalarm.ConstraintProxy$BatteryNotLowProxy"
93-->[androidx.work:work-runtime:2.5.0] AndroidManifest.xml:77:13-104
94            android:directBootAware="false"
94-->[androidx.work:work-runtime:2.5.0] AndroidManifest.xml:78:13-44
95            android:enabled="false"
95-->[androidx.work:work-runtime:2.5.0] AndroidManifest.xml:79:13-36
96            android:exported="false" >
96-->[androidx.work:work-runtime:2.5.0] AndroidManifest.xml:80:13-37
97            <intent-filter>
97-->[androidx.work:work-runtime:2.5.0] AndroidManifest.xml:82:13-85:29
98                <action android:name="android.intent.action.BATTERY_OKAY" />
98-->[androidx.work:work-runtime:2.5.0] AndroidManifest.xml:83:17-77
98-->[androidx.work:work-runtime:2.5.0] AndroidManifest.xml:83:25-74
99                <action android:name="android.intent.action.BATTERY_LOW" />
99-->[androidx.work:work-runtime:2.5.0] AndroidManifest.xml:84:17-76
99-->[androidx.work:work-runtime:2.5.0] AndroidManifest.xml:84:25-73
100            </intent-filter>
101        </receiver>
102        <receiver
102-->[androidx.work:work-runtime:2.5.0] AndroidManifest.xml:87:9-97:20
103            android:name="androidx.work.impl.background.systemalarm.ConstraintProxy$StorageNotLowProxy"
103-->[androidx.work:work-runtime:2.5.0] AndroidManifest.xml:88:13-104
104            android:directBootAware="false"
104-->[androidx.work:work-runtime:2.5.0] AndroidManifest.xml:89:13-44
105            android:enabled="false"
105-->[androidx.work:work-runtime:2.5.0] AndroidManifest.xml:90:13-36
106            android:exported="false" >
106-->[androidx.work:work-runtime:2.5.0] AndroidManifest.xml:91:13-37
107            <intent-filter>
107-->[androidx.work:work-runtime:2.5.0] AndroidManifest.xml:93:13-96:29
108                <action android:name="android.intent.action.DEVICE_STORAGE_LOW" />
108-->[androidx.work:work-runtime:2.5.0] AndroidManifest.xml:94:17-83
108-->[androidx.work:work-runtime:2.5.0] AndroidManifest.xml:94:25-80
109                <action android:name="android.intent.action.DEVICE_STORAGE_OK" />
109-->[androidx.work:work-runtime:2.5.0] AndroidManifest.xml:95:17-82
109-->[androidx.work:work-runtime:2.5.0] AndroidManifest.xml:95:25-79
110            </intent-filter>
111        </receiver>
112        <receiver
112-->[androidx.work:work-runtime:2.5.0] AndroidManifest.xml:98:9-107:20
113            android:name="androidx.work.impl.background.systemalarm.ConstraintProxy$NetworkStateProxy"
113-->[androidx.work:work-runtime:2.5.0] AndroidManifest.xml:99:13-103
114            android:directBootAware="false"
114-->[androidx.work:work-runtime:2.5.0] AndroidManifest.xml:100:13-44
115            android:enabled="false"
115-->[androidx.work:work-runtime:2.5.0] AndroidManifest.xml:101:13-36
116            android:exported="false" >
116-->[androidx.work:work-runtime:2.5.0] AndroidManifest.xml:102:13-37
117            <intent-filter>
117-->[androidx.work:work-runtime:2.5.0] AndroidManifest.xml:104:13-106:29
118                <action android:name="android.net.conn.CONNECTIVITY_CHANGE" />
118-->[androidx.work:work-runtime:2.5.0] AndroidManifest.xml:105:17-79
118-->[androidx.work:work-runtime:2.5.0] AndroidManifest.xml:105:25-76
119            </intent-filter>
120        </receiver>
121        <receiver
121-->[androidx.work:work-runtime:2.5.0] AndroidManifest.xml:108:9-119:20
122            android:name="androidx.work.impl.background.systemalarm.RescheduleReceiver"
122-->[androidx.work:work-runtime:2.5.0] AndroidManifest.xml:109:13-88
123            android:directBootAware="false"
123-->[androidx.work:work-runtime:2.5.0] AndroidManifest.xml:110:13-44
124            android:enabled="false"
124-->[androidx.work:work-runtime:2.5.0] AndroidManifest.xml:111:13-36
125            android:exported="false" >
125-->[androidx.work:work-runtime:2.5.0] AndroidManifest.xml:112:13-37
126            <intent-filter>
126-->[androidx.work:work-runtime:2.5.0] AndroidManifest.xml:114:13-118:29
127                <action android:name="android.intent.action.BOOT_COMPLETED" />
127-->[androidx.work:work-runtime:2.5.0] AndroidManifest.xml:115:17-79
127-->[androidx.work:work-runtime:2.5.0] AndroidManifest.xml:115:25-76
128                <action android:name="android.intent.action.TIME_SET" />
128-->[androidx.work:work-runtime:2.5.0] AndroidManifest.xml:116:17-73
128-->[androidx.work:work-runtime:2.5.0] AndroidManifest.xml:116:25-70
129                <action android:name="android.intent.action.TIMEZONE_CHANGED" />
129-->[androidx.work:work-runtime:2.5.0] AndroidManifest.xml:117:17-81
129-->[androidx.work:work-runtime:2.5.0] AndroidManifest.xml:117:25-78
130            </intent-filter>
131        </receiver>
132        <receiver
132-->[androidx.work:work-runtime:2.5.0] AndroidManifest.xml:120:9-129:20
133            android:name="androidx.work.impl.background.systemalarm.ConstraintProxyUpdateReceiver"
133-->[androidx.work:work-runtime:2.5.0] AndroidManifest.xml:121:13-99
134            android:directBootAware="false"
134-->[androidx.work:work-runtime:2.5.0] AndroidManifest.xml:122:13-44
135            android:enabled="@bool/enable_system_alarm_service_default"
135-->[androidx.work:work-runtime:2.5.0] AndroidManifest.xml:123:13-72
136            android:exported="false" >
136-->[androidx.work:work-runtime:2.5.0] AndroidManifest.xml:124:13-37
137            <intent-filter>
137-->[androidx.work:work-runtime:2.5.0] AndroidManifest.xml:126:13-128:29
138                <action android:name="androidx.work.impl.background.systemalarm.UpdateProxies" />
138-->[androidx.work:work-runtime:2.5.0] AndroidManifest.xml:127:17-98
138-->[androidx.work:work-runtime:2.5.0] AndroidManifest.xml:127:25-95
139            </intent-filter>
140        </receiver>
141        <receiver
141-->[androidx.work:work-runtime:2.5.0] AndroidManifest.xml:130:9-140:20
142            android:name="androidx.work.impl.diagnostics.DiagnosticsReceiver"
142-->[androidx.work:work-runtime:2.5.0] AndroidManifest.xml:131:13-78
143            android:directBootAware="false"
143-->[androidx.work:work-runtime:2.5.0] AndroidManifest.xml:132:13-44
144            android:enabled="true"
144-->[androidx.work:work-runtime:2.5.0] AndroidManifest.xml:133:13-35
145            android:exported="true"
145-->[androidx.work:work-runtime:2.5.0] AndroidManifest.xml:134:13-36
146            android:permission="android.permission.DUMP" >
146-->[androidx.work:work-runtime:2.5.0] AndroidManifest.xml:135:13-57
147            <intent-filter>
147-->[androidx.work:work-runtime:2.5.0] AndroidManifest.xml:137:13-139:29
148                <action android:name="androidx.work.diagnostics.REQUEST_DIAGNOSTICS" />
148-->[androidx.work:work-runtime:2.5.0] AndroidManifest.xml:138:17-88
148-->[androidx.work:work-runtime:2.5.0] AndroidManifest.xml:138:25-85
149            </intent-filter>
150        </receiver>
151
152        <service
152-->[androidx.room:room-runtime:2.2.5] AndroidManifest.xml:25:9-28:40
153            android:name="androidx.room.MultiInstanceInvalidationService"
153-->[androidx.room:room-runtime:2.2.5] AndroidManifest.xml:26:13-74
154            android:directBootAware="true"
154-->[androidx.room:room-runtime:2.2.5] AndroidManifest.xml:27:13-43
155            android:exported="false" /> <!-- Needs to be explicitly declared on P+ -->
155-->[androidx.room:room-runtime:2.2.5] AndroidManifest.xml:28:13-37
156        <uses-library
156-->[com.google.android.gms:play-services-maps:18.0.2] AndroidManifest.xml:39:9-41:40
157            android:name="org.apache.http.legacy"
157-->[com.google.android.gms:play-services-maps:18.0.2] AndroidManifest.xml:40:13-50
158            android:required="false" />
158-->[com.google.android.gms:play-services-maps:18.0.2] AndroidManifest.xml:41:13-37
159
160        <activity
160-->[com.google.android.gms:play-services-base:18.1.0] AndroidManifest.xml:20:9-22:45
161            android:name="com.google.android.gms.common.api.GoogleApiActivity"
161-->[com.google.android.gms:play-services-base:18.1.0] AndroidManifest.xml:20:19-85
162            android:exported="false"
162-->[com.google.android.gms:play-services-base:18.1.0] AndroidManifest.xml:22:19-43
163            android:theme="@android:style/Theme.Translucent.NoTitleBar" />
163-->[com.google.android.gms:play-services-base:18.1.0] AndroidManifest.xml:21:19-78
164
165        <meta-data
165-->[com.google.android.gms:play-services-basement:18.1.0] AndroidManifest.xml:21:9-23:69
166            android:name="com.google.android.gms.version"
166-->[com.google.android.gms:play-services-basement:18.1.0] AndroidManifest.xml:22:13-58
167            android:value="@integer/google_play_services_version" />
167-->[com.google.android.gms:play-services-basement:18.1.0] AndroidManifest.xml:23:13-66
168    </application>
169
170</manifest>